[2025-12-02T10:51:38.177+0000] {taskinstance.py:1956} INFO - Dependencies all met for dep_context=non-requeueable deps ti=<TaskInstance: run_databricks_notebook.run_bronze_to_silver manual__2025-12-02T10:51:37.073106+00:00 [queued]>
[2025-12-02T10:51:38.187+0000] {taskinstance.py:1956} INFO - Dependencies all met for dep_context=requeueable deps ti=<TaskInstance: run_databricks_notebook.run_bronze_to_silver manual__2025-12-02T10:51:37.073106+00:00 [queued]>
[2025-12-02T10:51:38.188+0000] {taskinstance.py:2170} INFO - Starting attempt 1 of 1
[2025-12-02T10:51:38.203+0000] {taskinstance.py:2191} INFO - Executing <Task(DatabricksRunNowOperator): run_bronze_to_silver> on 2025-12-02 10:51:37.073106+00:00
[2025-12-02T10:51:38.207+0000] {standard_task_runner.py:60} INFO - Started process 1970 to run task
[2025-12-02T10:51:38.210+0000] {standard_task_runner.py:87} INFO - Running: ['***', 'tasks', 'run', 'run_databricks_notebook', 'run_bronze_to_silver', 'manual__2025-12-02T10:51:37.073106+00:00', '--job-id', '5', '--raw', '--subdir', 'DAGS_FOLDER/DatabrickSubmitRunOperator.py', '--cfg-path', '/tmp/tmpjvaazpne']
[2025-12-02T10:51:38.212+0000] {standard_task_runner.py:88} INFO - Job 5: Subtask run_bronze_to_silver
[2025-12-02T10:51:38.233+0000] {logging_mixin.py:188} WARNING - /home/***/.local/lib/python3.8/site-packages/***/settings.py:194 DeprecationWarning: The sql_alchemy_conn option in [core] has been moved to the sql_alchemy_conn option in [database] - the old setting has been used, but please update your config.
[2025-12-02T10:51:38.264+0000] {task_command.py:423} INFO - Running <TaskInstance: run_databricks_notebook.run_bronze_to_silver manual__2025-12-02T10:51:37.073106+00:00 [running]> on host d90d998db7ca
[2025-12-02T10:51:38.338+0000] {taskinstance.py:2480} INFO - Exporting env vars: AIRFLOW_CTX_DAG_OWNER='***' AIRFLOW_CTX_DAG_ID='run_databricks_notebook' AIRFLOW_CTX_TASK_ID='run_bronze_to_silver' AIRFLOW_CTX_EXECUTION_DATE='2025-12-02T10:51:37.073106+00:00' AIRFLOW_CTX_TRY_NUMBER='1' AIRFLOW_CTX_DAG_RUN_ID='manual__2025-12-02T10:51:37.073106+00:00'
[2025-12-02T10:51:38.347+0000] {base.py:83} INFO - Using connection ID 'databricks_default' for task execution.
[2025-12-02T10:51:39.408+0000] {taskinstance.py:2698} ERROR - Task failed with exception
Traceback (most recent call last):
  File "/home/airflow/.local/lib/python3.8/site-packages/airflow/providers/databricks/hooks/databricks_base.py", line 562, in _do_api_call
    for attempt in self._get_retry_object():
  File "/home/airflow/.local/lib/python3.8/site-packages/tenacity/__init__.py", line 347, in __iter__
    do = self.iter(retry_state=retry_state)
  File "/home/airflow/.local/lib/python3.8/site-packages/tenacity/__init__.py", line 314, in iter
    return fut.result()
  File "/usr/local/lib/python3.8/concurrent/futures/_base.py", line 437, in result
    return self.__get_result()
  File "/usr/local/lib/python3.8/concurrent/futures/_base.py", line 389, in __get_result
    raise self._exception
  File "/home/airflow/.local/lib/python3.8/site-packages/airflow/providers/databricks/hooks/databricks_base.py", line 572, in _do_api_call
    response.raise_for_status()
  File "/home/airflow/.local/lib/python3.8/site-packages/requests/models.py", line 1021, in raise_for_status
    raise HTTPError(http_error_msg, response=self)
requests.exceptions.HTTPError: 401 Client Error: Unauthorized for url: https://dbc-3a1e83d0-ab6e.cloud.databricks.com/api/2.1/jobs/run-now

During handling of the above exception, another exception occurred:

Traceback (most recent call last):
  File "/home/airflow/.local/lib/python3.8/site-packages/airflow/models/taskinstance.py", line 433, in _execute_task
    result = execute_callable(context=context, **execute_callable_kwargs)
  File "/home/airflow/.local/lib/python3.8/site-packages/airflow/providers/databricks/operators/databricks.py", line 918, in execute
    self.run_id = hook.run_now(self.json)
  File "/home/airflow/.local/lib/python3.8/site-packages/airflow/providers/databricks/hooks/databricks.py", line 253, in run_now
    response = self._do_api_call(RUN_NOW_ENDPOINT, json)
  File "/home/airflow/.local/lib/python3.8/site-packages/airflow/providers/databricks/hooks/databricks_base.py", line 579, in _do_api_call
    raise AirflowException(msg)
airflow.exceptions.AirflowException: Response: {"error_code":401,"message":"Credential was not sent or was of an unsupported type for this API. [ReqId: b6436921-25ca-4098-8d02-302ac28742ce]"}, Status Code: 401
[2025-12-02T10:51:39.414+0000] {taskinstance.py:1138} INFO - Marking task as FAILED. dag_id=run_databricks_notebook, task_id=run_bronze_to_silver, execution_date=20251202T105137, start_date=20251202T105138, end_date=20251202T105139
[2025-12-02T10:51:39.432+0000] {standard_task_runner.py:107} ERROR - Failed to execute job 5 for task run_bronze_to_silver (Response: {"error_code":401,"message":"Credential was not sent or was of an unsupported type for this API. [ReqId: b6436921-25ca-4098-8d02-302ac28742ce]"}, Status Code: 401; 1970)
[2025-12-02T10:51:39.467+0000] {local_task_job_runner.py:234} INFO - Task exited with return code 1
[2025-12-02T10:51:39.485+0000] {taskinstance.py:3280} INFO - 0 downstream tasks scheduled from follow-on schedule check
