[2025-12-02T10:25:06.609+0000] {taskinstance.py:1956} INFO - Dependencies all met for dep_context=non-requeueable deps ti=<TaskInstance: run_databricks_notebook.run_bronze_to_silver manual__2025-12-02T10:25:05.866973+00:00 [queued]>
[2025-12-02T10:25:06.618+0000] {taskinstance.py:1956} INFO - Dependencies all met for dep_context=requeueable deps ti=<TaskInstance: run_databricks_notebook.run_bronze_to_silver manual__2025-12-02T10:25:05.866973+00:00 [queued]>
[2025-12-02T10:25:06.619+0000] {taskinstance.py:2170} INFO - Starting attempt 1 of 1
[2025-12-02T10:25:06.635+0000] {taskinstance.py:2191} INFO - Executing <Task(DatabricksRunNowOperator): run_bronze_to_silver> on 2025-12-02 10:25:05.866973+00:00
[2025-12-02T10:25:06.640+0000] {standard_task_runner.py:60} INFO - Started process 1553 to run task
[2025-12-02T10:25:06.644+0000] {standard_task_runner.py:87} INFO - Running: ['***', 'tasks', 'run', 'run_databricks_notebook', 'run_bronze_to_silver', 'manual__2025-12-02T10:25:05.866973+00:00', '--job-id', '2', '--raw', '--subdir', 'DAGS_FOLDER/DatabrickSubmitRunOperator.py', '--cfg-path', '/tmp/tmpm4mr8dlf']
[2025-12-02T10:25:06.647+0000] {standard_task_runner.py:88} INFO - Job 2: Subtask run_bronze_to_silver
[2025-12-02T10:25:06.670+0000] {logging_mixin.py:188} WARNING - /home/***/.local/lib/python3.8/site-packages/***/settings.py:194 DeprecationWarning: The sql_alchemy_conn option in [core] has been moved to the sql_alchemy_conn option in [database] - the old setting has been used, but please update your config.
[2025-12-02T10:25:06.704+0000] {task_command.py:423} INFO - Running <TaskInstance: run_databricks_notebook.run_bronze_to_silver manual__2025-12-02T10:25:05.866973+00:00 [running]> on host 92a1f38bcb43
[2025-12-02T10:25:06.797+0000] {taskinstance.py:2480} INFO - Exporting env vars: AIRFLOW_CTX_DAG_OWNER='***' AIRFLOW_CTX_DAG_ID='run_databricks_notebook' AIRFLOW_CTX_TASK_ID='run_bronze_to_silver' AIRFLOW_CTX_EXECUTION_DATE='2025-12-02T10:25:05.866973+00:00' AIRFLOW_CTX_TRY_NUMBER='1' AIRFLOW_CTX_DAG_RUN_ID='manual__2025-12-02T10:25:05.866973+00:00'
[2025-12-02T10:25:06.808+0000] {base.py:83} INFO - Using connection ID 'databricks_default' for task execution.
[2025-12-02T10:25:06.813+0000] {databricks_base.py:546} INFO - Using basic auth.
[2025-12-02T10:25:06.830+0000] {databricks_base.py:516} ERROR - Attempt 1 API Request to Databricks failed with reason: <Future at 0x7f6502428940 state=finished raised ConnectionError>
[2025-12-02T10:25:07.834+0000] {databricks_base.py:516} ERROR - Attempt 2 API Request to Databricks failed with reason: <Future at 0x7f6502428ac0 state=finished raised ConnectionError>
[2025-12-02T10:25:09.838+0000] {databricks_base.py:516} ERROR - Attempt 3 API Request to Databricks failed with reason: <Future at 0x7f65023d1280 state=finished raised ConnectionError>
[2025-12-02T10:25:09.846+0000] {taskinstance.py:2698} ERROR - Task failed with exception
Traceback (most recent call last):
  File "/home/airflow/.local/lib/python3.8/site-packages/urllib3/connection.py", line 174, in _new_conn
    conn = connection.create_connection(
  File "/home/airflow/.local/lib/python3.8/site-packages/urllib3/util/connection.py", line 95, in create_connection
    raise err
  File "/home/airflow/.local/lib/python3.8/site-packages/urllib3/util/connection.py", line 85, in create_connection
    sock.connect(sa)
ConnectionRefusedError: [Errno 111] Connection refused

During handling of the above exception, another exception occurred:

Traceback (most recent call last):
  File "/home/airflow/.local/lib/python3.8/site-packages/urllib3/connectionpool.py", line 715, in urlopen
    httplib_response = self._make_request(
  File "/home/airflow/.local/lib/python3.8/site-packages/urllib3/connectionpool.py", line 404, in _make_request
    self._validate_conn(conn)
  File "/home/airflow/.local/lib/python3.8/site-packages/urllib3/connectionpool.py", line 1058, in _validate_conn
    conn.connect()
  File "/home/airflow/.local/lib/python3.8/site-packages/urllib3/connection.py", line 363, in connect
    self.sock = conn = self._new_conn()
  File "/home/airflow/.local/lib/python3.8/site-packages/urllib3/connection.py", line 186, in _new_conn
    raise NewConnectionError(
urllib3.exceptions.NewConnectionError: <urllib3.connection.HTTPSConnection object at 0x7f65023d16a0>: Failed to establish a new connection: [Errno 111] Connection refused

During handling of the above exception, another exception occurred:

Traceback (most recent call last):
  File "/home/airflow/.local/lib/python3.8/site-packages/requests/adapters.py", line 486, in send
    resp = conn.urlopen(
  File "/home/airflow/.local/lib/python3.8/site-packages/urllib3/connectionpool.py", line 799, in urlopen
    retries = retries.increment(
  File "/home/airflow/.local/lib/python3.8/site-packages/urllib3/util/retry.py", line 592, in increment
    raise MaxRetryError(_pool, url, error or ResponseError(cause))
urllib3.exceptions.MaxRetryError: HTTPSConnectionPool(host='localhost', port=443): Max retries exceeded with url: /api/2.1/jobs/run-now (Caused by NewConnectionError('<urllib3.connection.HTTPSConnection object at 0x7f65023d16a0>: Failed to establish a new connection: [Errno 111] Connection refused'))

During handling of the above exception, another exception occurred:

Traceback (most recent call last):
  File "/home/airflow/.local/lib/python3.8/site-packages/airflow/providers/databricks/hooks/databricks_base.py", line 564, in _do_api_call
    response = request_func(
  File "/home/airflow/.local/lib/python3.8/site-packages/requests/api.py", line 115, in post
    return request("post", url, data=data, json=json, **kwargs)
  File "/home/airflow/.local/lib/python3.8/site-packages/requests/api.py", line 59, in request
    return session.request(method=method, url=url, **kwargs)
  File "/home/airflow/.local/lib/python3.8/site-packages/requests/sessions.py", line 589, in request
    resp = self.send(prep, **send_kwargs)
  File "/home/airflow/.local/lib/python3.8/site-packages/requests/sessions.py", line 703, in send
    r = adapter.send(request, **kwargs)
  File "/home/airflow/.local/lib/python3.8/site-packages/requests/adapters.py", line 519, in send
    raise ConnectionError(e, request=request)
requests.exceptions.ConnectionError: HTTPSConnectionPool(host='localhost', port=443): Max retries exceeded with url: /api/2.1/jobs/run-now (Caused by NewConnectionError('<urllib3.connection.HTTPSConnection object at 0x7f65023d16a0>: Failed to establish a new connection: [Errno 111] Connection refused'))

The above exception was the direct cause of the following exception:

Traceback (most recent call last):
  File "/home/airflow/.local/lib/python3.8/site-packages/airflow/providers/databricks/hooks/databricks_base.py", line 562, in _do_api_call
    for attempt in self._get_retry_object():
  File "/home/airflow/.local/lib/python3.8/site-packages/tenacity/__init__.py", line 347, in __iter__
    do = self.iter(retry_state=retry_state)
  File "/home/airflow/.local/lib/python3.8/site-packages/tenacity/__init__.py", line 326, in iter
    raise retry_exc from fut.exception()
tenacity.RetryError: RetryError[<Future at 0x7f65023d1280 state=finished raised ConnectionError>]

During handling of the above exception, another exception occurred:

Traceback (most recent call last):
  File "/home/airflow/.local/lib/python3.8/site-packages/airflow/models/taskinstance.py", line 433, in _execute_task
    result = execute_callable(context=context, **execute_callable_kwargs)
  File "/home/airflow/.local/lib/python3.8/site-packages/airflow/providers/databricks/operators/databricks.py", line 918, in execute
    self.run_id = hook.run_now(self.json)
  File "/home/airflow/.local/lib/python3.8/site-packages/airflow/providers/databricks/hooks/databricks.py", line 253, in run_now
    response = self._do_api_call(RUN_NOW_ENDPOINT, json)
  File "/home/airflow/.local/lib/python3.8/site-packages/airflow/providers/databricks/hooks/databricks_base.py", line 575, in _do_api_call
    raise AirflowException(f"API requests to Databricks failed {self.retry_limit} times. Giving up.")
airflow.exceptions.AirflowException: API requests to Databricks failed 3 times. Giving up.
[2025-12-02T10:25:09.854+0000] {taskinstance.py:1138} INFO - Marking task as FAILED. dag_id=run_databricks_notebook, task_id=run_bronze_to_silver, execution_date=20251202T102505, start_date=20251202T102506, end_date=20251202T102509
[2025-12-02T10:25:09.867+0000] {standard_task_runner.py:107} ERROR - Failed to execute job 2 for task run_bronze_to_silver (API requests to Databricks failed 3 times. Giving up.; 1553)
[2025-12-02T10:25:09.910+0000] {local_task_job_runner.py:234} INFO - Task exited with return code 1
[2025-12-02T10:25:09.923+0000] {taskinstance.py:3280} INFO - 0 downstream tasks scheduled from follow-on schedule check
